2019-10-09 09:10:56.364 [main] INFO  com.example.demo.RedisApplication - Starting RedisApplication on XA-20190301511 with PID 9344 (D:\mySpringBoot\spring-boot-config-redis\target\classes started by 20190301511 in D:\mySpringBoot)
2019-10-09 09:10:56.607 [main] INFO  com.example.demo.RedisApplication - No active profile set, falling back to default profiles: default
2019-10-09 09:10:59.086 [main] INFO  o.s.d.r.config.RepositoryConfigurationDelegate - Multiple Spring Data modules found, entering strict repository configuration mode!
2019-10-09 09:10:59.107 [main] INFO  o.s.d.r.config.RepositoryConfigurationDelegate - Bootstrapping Spring Data repositories in DEFAULT mode.
2019-10-09 09:10:59.178 [main] INFO  o.s.d.r.config.RepositoryConfigurationDelegate - Finished Spring Data repository scanning in 30ms. Found 0 repository interfaces.
2019-10-09 09:10:59.928 [main] INFO  o.s.c.s.PostProcessorRegistrationDelegate$BeanPostProcessorChecker - Bean 'org.springframework.ws.config.annotation.DelegatingWsConfiguration' of type [org.springframework.ws.config.annotation.DelegatingWsConfiguration$$EnhancerBySpringCGLIB$$dea41d6e] is not eligible for getting processed by all BeanPostProcessors (for example: not eligible for auto-proxying)
2019-10-09 09:11:00.172 [main] INFO  o.s.w.s.a.server.AnnotationActionEndpointMapping - Supporting [WS-Addressing August 2004, WS-Addressing 1.0]
2019-10-09 09:11:00.203 [main] INFO  o.s.c.s.PostProcessorRegistrationDelegate$BeanPostProcessorChecker - Bean 'org.springframework.transaction.annotation.ProxyTransactionManagementConfiguration' of type [org.springframework.transaction.annotation.ProxyTransactionManagementConfiguration$$EnhancerBySpringCGLIB$$3a0c586f] is not eligible for getting processed by all BeanPostProcessors (for example: not eligible for auto-proxying)
2019-10-09 09:11:02.445 [main] INFO  o.s.boot.web.embedded.tomcat.TomcatWebServer - Tomcat initialized with port(s): 8096 (http)
2019-10-09 09:11:02.546 [main] INFO  org.apache.coyote.http11.Http11NioProtocol - Initializing ProtocolHandler ["http-nio-8096"]
2019-10-09 09:11:02.600 [main] INFO  org.apache.catalina.core.StandardService - Starting service [Tomcat]
2019-10-09 09:11:02.601 [main] INFO  org.apache.catalina.core.StandardEngine - Starting Servlet engine: [Apache Tomcat/9.0.22]
2019-10-09 09:11:02.669 [main] INFO  org.apache.catalina.core.AprLifecycleListener - An older version [1.2.21] of the APR based Apache Tomcat Native library is installed, while Tomcat recommends a minimum version of [1.2.23]
2019-10-09 09:11:02.669 [main] INFO  org.apache.catalina.core.AprLifecycleListener - Loaded APR based Apache Tomcat Native library [1.2.21] using APR version [1.6.5].
2019-10-09 09:11:02.670 [main] INFO  org.apache.catalina.core.AprLifecycleListener - APR capabilities: IPv6 [true], sendfile [true], accept filters [false], random [true].
2019-10-09 09:11:02.670 [main] INFO  org.apache.catalina.core.AprLifecycleListener - APR/OpenSSL configuration: useAprConnector [false], useOpenSSL [true]
2019-10-09 09:11:02.834 [main] INFO  org.apache.catalina.core.AprLifecycleListener - OpenSSL successfully initialized [OpenSSL 1.1.1a  20 Nov 2018]
2019-10-09 09:11:03.346 [main] INFO  o.a.c.core.ContainerBase.[Tomcat].[localhost].[/] - Initializing Spring embedded WebApplicationContext
2019-10-09 09:11:03.347 [main] INFO  org.springframework.web.context.ContextLoader - Root WebApplicationContext: initialization completed in 6307 ms
2019-10-09 09:11:06.365 [main] INFO  o.s.scheduling.concurrent.ThreadPoolTaskExecutor - Initializing ExecutorService 'applicationTaskExecutor'
2019-10-09 09:11:07.596 [main] INFO  o.s.b.actuate.endpoint.web.EndpointLinksResolver - Exposing 2 endpoint(s) beneath base path '/actuator'
2019-10-09 09:11:07.712 [main] INFO  org.apache.coyote.http11.Http11NioProtocol - Starting ProtocolHandler ["http-nio-8096"]
2019-10-09 09:11:07.755 [main] INFO  o.s.boot.web.embedded.tomcat.TomcatWebServer - Tomcat started on port(s): 8096 (http) with context path ''
2019-10-09 09:11:07.758 [main] INFO  com.example.demo.RedisApplication - Started RedisApplication in 13.805 seconds (JVM running for 36.414)
2019-10-09 09:11:08.398 [RMI TCP Connection(2)-192.168.60.105] INFO  o.a.c.core.ContainerBase.[Tomcat].[localhost].[/] - Initializing Spring DispatcherServlet 'dispatcherServlet'
2019-10-09 09:11:08.399 [RMI TCP Connection(2)-192.168.60.105] INFO  org.springframework.web.servlet.DispatcherServlet - Initializing Servlet 'dispatcherServlet'
2019-10-09 09:11:08.420 [RMI TCP Connection(1)-192.168.60.105] INFO  com.zaxxer.hikari.HikariDataSource - HikariPool-1 - Starting...
2019-10-09 09:11:08.444 [RMI TCP Connection(2)-192.168.60.105] INFO  org.springframework.web.servlet.DispatcherServlet - Completed initialization in 45 ms
2019-10-09 09:11:10.869 [RMI TCP Connection(1)-192.168.60.105] INFO  com.zaxxer.hikari.HikariDataSource - HikariPool-1 - Start completed.
2019-10-09 09:13:09.014 [main] INFO  com.example.demo.RedisApplication - Starting RedisApplication on XA-20190301511 with PID 11476 (D:\mySpringBoot\spring-boot-config-redis\target\classes started by 20190301511 in D:\mySpringBoot)
2019-10-09 09:13:09.015 [main] INFO  com.example.demo.RedisApplication - No active profile set, falling back to default profiles: default
2019-10-09 09:13:10.008 [main] INFO  o.s.d.r.config.RepositoryConfigurationDelegate - Multiple Spring Data modules found, entering strict repository configuration mode!
2019-10-09 09:13:10.010 [main] INFO  o.s.d.r.config.RepositoryConfigurationDelegate - Bootstrapping Spring Data repositories in DEFAULT mode.
2019-10-09 09:13:10.060 [main] INFO  o.s.d.r.config.RepositoryConfigurationDelegate - Finished Spring Data repository scanning in 15ms. Found 0 repository interfaces.
2019-10-09 09:13:10.360 [main] INFO  o.s.c.s.PostProcessorRegistrationDelegate$BeanPostProcessorChecker - Bean 'org.springframework.ws.config.annotation.DelegatingWsConfiguration' of type [org.springframework.ws.config.annotation.DelegatingWsConfiguration$$EnhancerBySpringCGLIB$$a603cffc] is not eligible for getting processed by all BeanPostProcessors (for example: not eligible for auto-proxying)
2019-10-09 09:13:10.469 [main] INFO  o.s.w.s.a.server.AnnotationActionEndpointMapping - Supporting [WS-Addressing August 2004, WS-Addressing 1.0]
2019-10-09 09:13:10.511 [main] INFO  o.s.c.s.PostProcessorRegistrationDelegate$BeanPostProcessorChecker - Bean 'org.springframework.transaction.annotation.ProxyTransactionManagementConfiguration' of type [org.springframework.transaction.annotation.ProxyTransactionManagementConfiguration$$EnhancerBySpringCGLIB$$16c0afd] is not eligible for getting processed by all BeanPostProcessors (for example: not eligible for auto-proxying)
2019-10-09 09:13:11.214 [main] INFO  o.s.boot.web.embedded.tomcat.TomcatWebServer - Tomcat initialized with port(s): 8096 (http)
2019-10-09 09:13:11.241 [main] INFO  org.apache.coyote.http11.Http11NioProtocol - Initializing ProtocolHandler ["http-nio-8096"]
2019-10-09 09:13:11.261 [main] INFO  org.apache.catalina.core.StandardService - Starting service [Tomcat]
2019-10-09 09:13:11.262 [main] INFO  org.apache.catalina.core.StandardEngine - Starting Servlet engine: [Apache Tomcat/9.0.22]
2019-10-09 09:13:11.305 [main] INFO  org.apache.catalina.core.AprLifecycleListener - An older version [1.2.21] of the APR based Apache Tomcat Native library is installed, while Tomcat recommends a minimum version of [1.2.23]
2019-10-09 09:13:11.305 [main] INFO  org.apache.catalina.core.AprLifecycleListener - Loaded APR based Apache Tomcat Native library [1.2.21] using APR version [1.6.5].
2019-10-09 09:13:11.305 [main] INFO  org.apache.catalina.core.AprLifecycleListener - APR capabilities: IPv6 [true], sendfile [true], accept filters [false], random [true].
2019-10-09 09:13:11.305 [main] INFO  org.apache.catalina.core.AprLifecycleListener - APR/OpenSSL configuration: useAprConnector [false], useOpenSSL [true]
2019-10-09 09:13:11.328 [main] INFO  org.apache.catalina.core.AprLifecycleListener - OpenSSL successfully initialized [OpenSSL 1.1.1a  20 Nov 2018]
2019-10-09 09:13:11.656 [main] INFO  o.a.c.core.ContainerBase.[Tomcat].[localhost].[/] - Initializing Spring embedded WebApplicationContext
2019-10-09 09:13:11.656 [main] INFO  org.springframework.web.context.ContextLoader - Root WebApplicationContext: initialization completed in 2470 ms
2019-10-09 09:13:12.663 [main] INFO  o.s.scheduling.concurrent.ThreadPoolTaskExecutor - Initializing ExecutorService 'applicationTaskExecutor'
2019-10-09 09:13:14.110 [main] INFO  o.s.b.actuate.endpoint.web.EndpointLinksResolver - Exposing 2 endpoint(s) beneath base path '/actuator'
2019-10-09 09:13:14.169 [main] INFO  org.apache.coyote.http11.Http11NioProtocol - Starting ProtocolHandler ["http-nio-8096"]
2019-10-09 09:13:14.300 [main] INFO  o.s.boot.web.embedded.tomcat.TomcatWebServer - Tomcat started on port(s): 8096 (http) with context path ''
2019-10-09 09:13:14.303 [main] INFO  com.example.demo.RedisApplication - Started RedisApplication in 6.97 seconds (JVM running for 9.668)
2019-10-09 09:13:15.087 [RMI TCP Connection(1)-192.168.60.105] INFO  o.a.c.core.ContainerBase.[Tomcat].[localhost].[/] - Initializing Spring DispatcherServlet 'dispatcherServlet'
2019-10-09 09:13:15.087 [RMI TCP Connection(1)-192.168.60.105] INFO  org.springframework.web.servlet.DispatcherServlet - Initializing Servlet 'dispatcherServlet'
2019-10-09 09:13:15.152 [RMI TCP Connection(2)-192.168.60.105] INFO  com.zaxxer.hikari.HikariDataSource - HikariPool-1 - Starting...
2019-10-09 09:13:15.154 [RMI TCP Connection(1)-192.168.60.105] INFO  org.springframework.web.servlet.DispatcherServlet - Completed initialization in 67 ms
2019-10-09 09:13:15.760 [RMI TCP Connection(2)-192.168.60.105] INFO  com.zaxxer.hikari.HikariDataSource - HikariPool-1 - Start completed.
2019-10-09 09:18:09.983 [main] INFO  com.example.demo.RedisApplication - Starting RedisApplication on XA-20190301511 with PID 12044 (D:\mySpringBoot\spring-boot-config-redis\target\classes started by 20190301511 in D:\mySpringBoot)
2019-10-09 09:18:09.984 [main] INFO  com.example.demo.RedisApplication - No active profile set, falling back to default profiles: default
2019-10-09 09:18:11.166 [main] INFO  o.s.d.r.config.RepositoryConfigurationDelegate - Multiple Spring Data modules found, entering strict repository configuration mode!
2019-10-09 09:18:11.168 [main] INFO  o.s.d.r.config.RepositoryConfigurationDelegate - Bootstrapping Spring Data repositories in DEFAULT mode.
2019-10-09 09:18:11.212 [main] INFO  o.s.d.r.config.RepositoryConfigurationDelegate - Finished Spring Data repository scanning in 16ms. Found 0 repository interfaces.
2019-10-09 09:18:11.539 [main] INFO  o.s.c.s.PostProcessorRegistrationDelegate$BeanPostProcessorChecker - Bean 'org.springframework.ws.config.annotation.DelegatingWsConfiguration' of type [org.springframework.ws.config.annotation.DelegatingWsConfiguration$$EnhancerBySpringCGLIB$$c3bb6406] is not eligible for getting processed by all BeanPostProcessors (for example: not eligible for auto-proxying)
2019-10-09 09:18:11.659 [main] INFO  o.s.w.s.a.server.AnnotationActionEndpointMapping - Supporting [WS-Addressing August 2004, WS-Addressing 1.0]
2019-10-09 09:18:11.692 [main] INFO  o.s.c.s.PostProcessorRegistrationDelegate$BeanPostProcessorChecker - Bean 'org.springframework.transaction.annotation.ProxyTransactionManagementConfiguration' of type [org.springframework.transaction.annotation.ProxyTransactionManagementConfiguration$$EnhancerBySpringCGLIB$$1f239f07] is not eligible for getting processed by all BeanPostProcessors (for example: not eligible for auto-proxying)
2019-10-09 09:18:12.497 [main] INFO  o.s.boot.web.embedded.tomcat.TomcatWebServer - Tomcat initialized with port(s): 8096 (http)
2019-10-09 09:18:12.559 [main] INFO  org.apache.coyote.http11.Http11NioProtocol - Initializing ProtocolHandler ["http-nio-8096"]
2019-10-09 09:18:12.580 [main] INFO  org.apache.catalina.core.StandardService - Starting service [Tomcat]
2019-10-09 09:18:12.580 [main] INFO  org.apache.catalina.core.StandardEngine - Starting Servlet engine: [Apache Tomcat/9.0.22]
2019-10-09 09:18:12.623 [main] INFO  org.apache.catalina.core.AprLifecycleListener - An older version [1.2.21] of the APR based Apache Tomcat Native library is installed, while Tomcat recommends a minimum version of [1.2.23]
2019-10-09 09:18:12.624 [main] INFO  org.apache.catalina.core.AprLifecycleListener - Loaded APR based Apache Tomcat Native library [1.2.21] using APR version [1.6.5].
2019-10-09 09:18:12.624 [main] INFO  org.apache.catalina.core.AprLifecycleListener - APR capabilities: IPv6 [true], sendfile [true], accept filters [false], random [true].
2019-10-09 09:18:12.624 [main] INFO  org.apache.catalina.core.AprLifecycleListener - APR/OpenSSL configuration: useAprConnector [false], useOpenSSL [true]
2019-10-09 09:18:12.648 [main] INFO  org.apache.catalina.core.AprLifecycleListener - OpenSSL successfully initialized [OpenSSL 1.1.1a  20 Nov 2018]
2019-10-09 09:18:12.982 [main] INFO  o.a.c.core.ContainerBase.[Tomcat].[localhost].[/] - Initializing Spring embedded WebApplicationContext
2019-10-09 09:18:12.982 [main] INFO  org.springframework.web.context.ContextLoader - Root WebApplicationContext: initialization completed in 2825 ms
2019-10-09 09:18:14.535 [main] INFO  o.s.scheduling.concurrent.ThreadPoolTaskExecutor - Initializing ExecutorService 'applicationTaskExecutor'
2019-10-09 09:18:15.056 [main] INFO  o.s.b.actuate.endpoint.web.EndpointLinksResolver - Exposing 2 endpoint(s) beneath base path '/actuator'
2019-10-09 09:18:15.116 [main] INFO  org.apache.coyote.http11.Http11NioProtocol - Starting ProtocolHandler ["http-nio-8096"]
2019-10-09 09:18:15.170 [main] INFO  o.s.boot.web.embedded.tomcat.TomcatWebServer - Tomcat started on port(s): 8096 (http) with context path ''
2019-10-09 09:18:15.172 [main] INFO  com.example.demo.RedisApplication - Started RedisApplication in 6.727 seconds (JVM running for 8.403)
2019-10-09 09:18:35.254 [http-nio-8096-exec-1] INFO  o.a.c.core.ContainerBase.[Tomcat].[localhost].[/] - Initializing Spring DispatcherServlet 'dispatcherServlet'
2019-10-09 09:18:35.254 [http-nio-8096-exec-1] INFO  org.springframework.web.servlet.DispatcherServlet - Initializing Servlet 'dispatcherServlet'
2019-10-09 09:18:35.261 [http-nio-8096-exec-1] INFO  org.springframework.web.servlet.DispatcherServlet - Completed initialization in 7 ms
2019-10-09 19:46:14.546 [main] INFO  com.example.demo.RedisApplication - Starting RedisApplication on XA-20190301511 with PID 1732 (D:\mySpringBoot\spring-boot-config-redis\target\classes started by 20190301511 in D:\mySpringBoot)
2019-10-09 19:46:14.566 [main] INFO  com.example.demo.RedisApplication - No active profile set, falling back to default profiles: default
2019-10-09 19:46:16.848 [main] INFO  o.s.d.r.config.RepositoryConfigurationDelegate - Multiple Spring Data modules found, entering strict repository configuration mode!
2019-10-09 19:46:16.860 [main] INFO  o.s.d.r.config.RepositoryConfigurationDelegate - Bootstrapping Spring Data repositories in DEFAULT mode.
2019-10-09 19:46:16.950 [main] INFO  o.s.d.r.config.RepositoryConfigurationDelegate - Finished Spring Data repository scanning in 38ms. Found 0 repository interfaces.
2019-10-09 19:46:17.520 [main] INFO  o.s.c.s.PostProcessorRegistrationDelegate$BeanPostProcessorChecker - Bean 'org.springframework.ws.config.annotation.DelegatingWsConfiguration' of type [org.springframework.ws.config.annotation.DelegatingWsConfiguration$$EnhancerBySpringCGLIB$$c602d4cc] is not eligible for getting processed by all BeanPostProcessors (for example: not eligible for auto-proxying)
2019-10-09 19:46:17.640 [main] INFO  o.s.w.s.a.server.AnnotationActionEndpointMapping - Supporting [WS-Addressing August 2004, WS-Addressing 1.0]
2019-10-09 19:46:17.676 [main] INFO  o.s.c.s.PostProcessorRegistrationDelegate$BeanPostProcessorChecker - Bean 'org.springframework.transaction.annotation.ProxyTransactionManagementConfiguration' of type [org.springframework.transaction.annotation.ProxyTransactionManagementConfiguration$$EnhancerBySpringCGLIB$$216b0fcd] is not eligible for getting processed by all BeanPostProcessors (for example: not eligible for auto-proxying)
2019-10-09 19:46:18.573 [main] INFO  o.s.boot.web.embedded.tomcat.TomcatWebServer - Tomcat initialized with port(s): 8096 (http)
2019-10-09 19:46:18.607 [main] INFO  org.apache.coyote.http11.Http11NioProtocol - Initializing ProtocolHandler ["http-nio-8096"]
2019-10-09 19:46:18.628 [main] INFO  org.apache.catalina.core.StandardService - Starting service [Tomcat]
2019-10-09 19:46:18.629 [main] INFO  org.apache.catalina.core.StandardEngine - Starting Servlet engine: [Apache Tomcat/9.0.22]
2019-10-09 19:46:18.672 [main] INFO  org.apache.catalina.core.AprLifecycleListener - An older version [1.2.21] of the APR based Apache Tomcat Native library is installed, while Tomcat recommends a minimum version of [1.2.23]
2019-10-09 19:46:18.673 [main] INFO  org.apache.catalina.core.AprLifecycleListener - Loaded APR based Apache Tomcat Native library [1.2.21] using APR version [1.6.5].
2019-10-09 19:46:18.673 [main] INFO  org.apache.catalina.core.AprLifecycleListener - APR capabilities: IPv6 [true], sendfile [true], accept filters [false], random [true].
2019-10-09 19:46:18.673 [main] INFO  org.apache.catalina.core.AprLifecycleListener - APR/OpenSSL configuration: useAprConnector [false], useOpenSSL [true]
2019-10-09 19:46:18.865 [main] INFO  org.apache.catalina.core.AprLifecycleListener - OpenSSL successfully initialized [OpenSSL 1.1.1a  20 Nov 2018]
2019-10-09 19:46:19.425 [main] INFO  o.a.c.core.ContainerBase.[Tomcat].[localhost].[/] - Initializing Spring embedded WebApplicationContext
2019-10-09 19:46:19.425 [main] INFO  org.springframework.web.context.ContextLoader - Root WebApplicationContext: initialization completed in 4741 ms
2019-10-09 19:46:21.174 [main] INFO  o.s.scheduling.concurrent.ThreadPoolTaskExecutor - Initializing ExecutorService 'applicationTaskExecutor'
2019-10-09 19:46:22.100 [main] INFO  o.s.b.actuate.endpoint.web.EndpointLinksResolver - Exposing 2 endpoint(s) beneath base path '/actuator'
2019-10-09 19:46:22.198 [main] INFO  org.apache.coyote.http11.Http11NioProtocol - Starting ProtocolHandler ["http-nio-8096"]
2019-10-09 19:46:22.240 [main] INFO  o.s.boot.web.embedded.tomcat.TomcatWebServer - Tomcat started on port(s): 8096 (http) with context path ''
2019-10-09 19:46:22.243 [main] INFO  com.example.demo.RedisApplication - Started RedisApplication in 11.106 seconds (JVM running for 27.066)
2019-10-09 19:46:22.644 [RMI TCP Connection(7)-192.168.60.105] INFO  o.a.c.core.ContainerBase.[Tomcat].[localhost].[/] - Initializing Spring DispatcherServlet 'dispatcherServlet'
2019-10-09 19:46:22.645 [RMI TCP Connection(7)-192.168.60.105] INFO  org.springframework.web.servlet.DispatcherServlet - Initializing Servlet 'dispatcherServlet'
2019-10-09 19:46:22.648 [RMI TCP Connection(6)-192.168.60.105] INFO  com.zaxxer.hikari.HikariDataSource - HikariPool-1 - Starting...
2019-10-09 19:46:22.678 [RMI TCP Connection(7)-192.168.60.105] INFO  org.springframework.web.servlet.DispatcherServlet - Completed initialization in 33 ms
2019-10-09 19:46:25.840 [RMI TCP Connection(6)-192.168.60.105] INFO  com.zaxxer.hikari.HikariDataSource - HikariPool-1 - Start completed.
2019-10-09 19:53:51.047 [main] INFO  com.example.demo.RedisApplication - Starting RedisApplication on XA-20190301511 with PID 11568 (D:\mySpringBoot\spring-boot-config-redis\target\classes started by 20190301511 in D:\mySpringBoot)
2019-10-09 19:53:51.047 [main] INFO  com.example.demo.RedisApplication - No active profile set, falling back to default profiles: default
2019-10-09 19:53:52.744 [main] INFO  o.s.d.r.config.RepositoryConfigurationDelegate - Multiple Spring Data modules found, entering strict repository configuration mode!
2019-10-09 19:53:52.745 [main] INFO  o.s.d.r.config.RepositoryConfigurationDelegate - Bootstrapping Spring Data repositories in DEFAULT mode.
2019-10-09 19:53:52.770 [main] INFO  o.s.d.r.config.RepositoryConfigurationDelegate - Finished Spring Data repository scanning in 8ms. Found 0 repository interfaces.
2019-10-09 19:53:53.106 [main] INFO  o.s.c.s.PostProcessorRegistrationDelegate$BeanPostProcessorChecker - Bean 'org.springframework.ws.config.annotation.DelegatingWsConfiguration' of type [org.springframework.ws.config.annotation.DelegatingWsConfiguration$$EnhancerBySpringCGLIB$$78811a2e] is not eligible for getting processed by all BeanPostProcessors (for example: not eligible for auto-proxying)
2019-10-09 19:53:53.134 [main] INFO  o.s.w.s.a.server.AnnotationActionEndpointMapping - Supporting [WS-Addressing August 2004, WS-Addressing 1.0]
2019-10-09 19:53:53.163 [main] INFO  o.s.c.s.PostProcessorRegistrationDelegate$BeanPostProcessorChecker - Bean 'org.springframework.transaction.annotation.ProxyTransactionManagementConfiguration' of type [org.springframework.transaction.annotation.ProxyTransactionManagementConfiguration$$EnhancerBySpringCGLIB$$d3e9552f] is not eligible for getting processed by all BeanPostProcessors (for example: not eligible for auto-proxying)
2019-10-09 19:53:53.735 [main] INFO  o.s.boot.web.embedded.tomcat.TomcatWebServer - Tomcat initialized with port(s): 8096 (http)
2019-10-09 19:53:53.761 [main] INFO  org.apache.coyote.http11.Http11NioProtocol - Initializing ProtocolHandler ["http-nio-8096"]
2019-10-09 19:53:53.781 [main] INFO  org.apache.catalina.core.StandardService - Starting service [Tomcat]
2019-10-09 19:53:53.782 [main] INFO  org.apache.catalina.core.StandardEngine - Starting Servlet engine: [Apache Tomcat/9.0.22]
2019-10-09 19:53:53.818 [main] INFO  org.apache.catalina.core.AprLifecycleListener - An older version [1.2.21] of the APR based Apache Tomcat Native library is installed, while Tomcat recommends a minimum version of [1.2.23]
2019-10-09 19:53:53.818 [main] INFO  org.apache.catalina.core.AprLifecycleListener - Loaded APR based Apache Tomcat Native library [1.2.21] using APR version [1.6.5].
2019-10-09 19:53:53.818 [main] INFO  org.apache.catalina.core.AprLifecycleListener - APR capabilities: IPv6 [true], sendfile [true], accept filters [false], random [true].
2019-10-09 19:53:53.818 [main] INFO  org.apache.catalina.core.AprLifecycleListener - APR/OpenSSL configuration: useAprConnector [false], useOpenSSL [true]
2019-10-09 19:53:53.856 [main] INFO  org.apache.catalina.core.AprLifecycleListener - OpenSSL successfully initialized [OpenSSL 1.1.1a  20 Nov 2018]
2019-10-09 19:53:57.329 [main] INFO  o.a.c.core.ContainerBase.[Tomcat].[localhost].[/] - Initializing Spring embedded WebApplicationContext
2019-10-09 19:53:57.329 [main] INFO  org.springframework.web.context.ContextLoader - Root WebApplicationContext: initialization completed in 6251 ms
2019-10-09 19:53:59.733 [main] INFO  o.s.scheduling.concurrent.ThreadPoolTaskExecutor - Initializing ExecutorService 'applicationTaskExecutor'
2019-10-09 19:54:00.258 [main] INFO  o.s.b.actuate.endpoint.web.EndpointLinksResolver - Exposing 2 endpoint(s) beneath base path '/actuator'
2019-10-09 19:54:00.327 [main] INFO  org.apache.coyote.http11.Http11NioProtocol - Starting ProtocolHandler ["http-nio-8096"]
2019-10-09 19:54:00.635 [main] INFO  o.s.boot.web.embedded.tomcat.TomcatWebServer - Tomcat started on port(s): 8096 (http) with context path ''
2019-10-09 19:54:00.638 [main] INFO  com.example.demo.RedisApplication - Started RedisApplication in 10.101 seconds (JVM running for 11.072)
2019-10-09 19:54:01.175 [RMI TCP Connection(3)-192.168.60.105] INFO  com.zaxxer.hikari.HikariDataSource - HikariPool-1 - Starting...
2019-10-09 19:54:01.293 [RMI TCP Connection(5)-192.168.60.105] INFO  o.a.c.core.ContainerBase.[Tomcat].[localhost].[/] - Initializing Spring DispatcherServlet 'dispatcherServlet'
2019-10-09 19:54:01.293 [RMI TCP Connection(5)-192.168.60.105] INFO  org.springframework.web.servlet.DispatcherServlet - Initializing Servlet 'dispatcherServlet'
2019-10-09 19:54:01.299 [RMI TCP Connection(5)-192.168.60.105] INFO  org.springframework.web.servlet.DispatcherServlet - Completed initialization in 6 ms
2019-10-09 19:54:01.450 [RMI TCP Connection(3)-192.168.60.105] INFO  com.zaxxer.hikari.HikariDataSource - HikariPool-1 - Start completed.
2019-10-09 20:03:39.465 [http-nio-8096-exec-5] INFO  com.example.demo.service.impl.AccountServiceImpl - 根据指定条件查询账户的信息
2019-10-09 20:03:43.792 [http-nio-8096-exec-5] INFO  com.example.demo.service.impl.AccountServiceImpl - 查出的账户信息有AccountEntity{id=4, name='P', money=502.0}
2019-10-09 20:03:56.608 [http-nio-8096-exec-8] INFO  com.example.demo.service.impl.AccountServiceImpl - 根据指定条件查询账户的信息
2019-10-09 20:03:56.630 [http-nio-8096-exec-8] INFO  com.example.demo.service.impl.AccountServiceImpl - 查出的账户信息有AccountEntity{id=4, name='P', money=502.0}
2019-10-09 20:11:05.912 [http-nio-8096-exec-1] INFO  com.example.demo.service.impl.AccountServiceImpl - 根据指定条件查询账户的信息
2019-10-09 20:11:05.954 [http-nio-8096-exec-1] INFO  com.example.demo.service.impl.AccountServiceImpl - 查出的账户信息有AccountEntity{id=1, name='k', money=20.0}
2019-10-09 20:15:06.835 [http-nio-8096-exec-6] INFO  com.example.demo.service.impl.AccountServiceImpl - 根据指定条件查询账户的信息
2019-10-09 20:15:06.854 [http-nio-8096-exec-6] INFO  com.example.demo.service.impl.AccountServiceImpl - 查出的账户信息有AccountEntity{id=3, name='w', money=50.0}
2019-10-09 20:16:38.183 [http-nio-8096-exec-7] INFO  com.example.demo.service.impl.AccountServiceImpl - 根据指定条件查询账户的信息
2019-10-09 20:16:38.195 [http-nio-8096-exec-7] INFO  com.example.demo.service.impl.AccountServiceImpl - 查出的账户信息有AccountEntity{id=4, name='P', money=502.0}
